[23-Aug-2017 05:46:54 UTC] PHP Fatal error:  Class 'MongoDB\Driver\Manager' not found in /home/ubuntu/workspace/vendor/mongodb/mongodb/src/Client.php on line 61
[23-Aug-2017 05:46:54 UTC] PHP Stack trace:
[23-Aug-2017 05:46:54 UTC] PHP   1. {main}() /home/ubuntu/workspace/php/completadoFiltro_busqueda.php:0
[23-Aug-2017 05:46:54 UTC] PHP   2. MongoDB\Client->__construct() /home/ubuntu/workspace/php/completadoFiltro_busqueda.php:5
[23-Aug-2017 05:46:54 UTC] PHP Fatal error:  Class 'MongoDB\Driver\Manager' not found in /home/ubuntu/workspace/vendor/mongodb/mongodb/src/Client.php on line 61
[23-Aug-2017 05:46:54 UTC] PHP Stack trace:
[23-Aug-2017 05:46:54 UTC] PHP   1. {main}() /home/ubuntu/workspace/webservices/getMarkers_busqueda.php:0
[23-Aug-2017 05:46:54 UTC] PHP   2. connectDatabaseCollection() /home/ubuntu/workspace/webservices/getMarkers_busqueda.php:6
[23-Aug-2017 05:46:54 UTC] PHP   3. MongoDB\Client->__construct() /home/ubuntu/workspace/webservices/databaseConnection.php:6
[23-Aug-2017 06:04:26 UTC] PHP Fatal error:  Class 'MongoDB\Driver\Manager' not found in /home/ubuntu/workspace/vendor/mongodb/mongodb/src/Client.php on line 61
[23-Aug-2017 06:04:26 UTC] PHP Stack trace:
[23-Aug-2017 06:04:26 UTC] PHP   1. {main}() /home/ubuntu/workspace/php/completadoFiltro_busqueda.php:0
[23-Aug-2017 06:04:26 UTC] PHP   2. MongoDB\Client->__construct() /home/ubuntu/workspace/php/completadoFiltro_busqueda.php:5
[23-Aug-2017 06:04:26 UTC] PHP Fatal error:  Class 'MongoDB\Driver\Manager' not found in /home/ubuntu/workspace/vendor/mongodb/mongodb/src/Client.php on line 61
[23-Aug-2017 06:04:26 UTC] PHP Stack trace:
[23-Aug-2017 06:04:26 UTC] PHP   1. {main}() /home/ubuntu/workspace/webservices/getMarkers_busqueda.php:0
[23-Aug-2017 06:04:26 UTC] PHP   2. connectDatabaseCollection() /home/ubuntu/workspace/webservices/getMarkers_busqueda.php:6
[23-Aug-2017 06:04:26 UTC] PHP   3. MongoDB\Client->__construct() /home/ubuntu/workspace/webservices/databaseConnection.php:10
[23-Aug-2017 06:05:36 UTC] PHP Fatal error:  Class 'MongoDB\Driver\Manager' not found in /home/ubuntu/workspace/vendor/mongodb/mongodb/src/Client.php on line 61
[23-Aug-2017 06:05:36 UTC] PHP Stack trace:
[23-Aug-2017 06:05:36 UTC] PHP   1. {main}() /home/ubuntu/workspace/webservices/getMarkers_busqueda.php:0
[23-Aug-2017 06:05:36 UTC] PHP   2. connectDatabaseCollection() /home/ubuntu/workspace/webservices/getMarkers_busqueda.php:6
[23-Aug-2017 06:05:36 UTC] PHP   3. MongoDB\Client->__construct() /home/ubuntu/workspace/webservices/databaseConnection.php:10
[23-Aug-2017 06:06:51 UTC] PHP Fatal error:  Class 'MongoDB\Driver\Manager' not found in /home/ubuntu/workspace/vendor/mongodb/mongodb/src/Client.php on line 61
[23-Aug-2017 06:06:51 UTC] PHP Stack trace:
[23-Aug-2017 06:06:51 UTC] PHP   1. {main}() /home/ubuntu/workspace/webservices/getMarkers_busqueda.php:0
[23-Aug-2017 06:06:51 UTC] PHP   2. connectDatabaseCollection() /home/ubuntu/workspace/webservices/getMarkers_busqueda.php:6
[23-Aug-2017 06:06:51 UTC] PHP   3. MongoDB\Client->__construct() /home/ubuntu/workspace/webservices/databaseConnection.php:10
[23-Aug-2017 06:07:18 UTC] PHP Warning:  require(..\vendor\autoload.php): failed to open stream: No such file or directory in /home/ubuntu/workspace/webservices/databaseConnection.php on line 6
[23-Aug-2017 06:07:18 UTC] PHP Stack trace:
[23-Aug-2017 06:07:18 UTC] PHP   1. {main}() /home/ubuntu/workspace/webservices/getMarkers_busqueda.php:0
[23-Aug-2017 06:07:18 UTC] PHP   2. require() /home/ubuntu/workspace/webservices/getMarkers_busqueda.php:4
[23-Aug-2017 06:07:18 UTC] PHP Fatal error:  require(): Failed opening required '..\vendor\autoload.php' (include_path='.:/usr/share/php:/usr/share/pear') in /home/ubuntu/workspace/webservices/databaseConnection.php on line 6
[23-Aug-2017 06:07:18 UTC] PHP Stack trace:
[23-Aug-2017 06:07:18 UTC] PHP   1. {main}() /home/ubuntu/workspace/webservices/getMarkers_busqueda.php:0
[23-Aug-2017 06:07:18 UTC] PHP   2. require() /home/ubuntu/workspace/webservices/getMarkers_busqueda.php:4
[23-Aug-2017 06:08:05 UTC] PHP Fatal error:  Class 'MongoDB\Driver\Manager' not found in /home/ubuntu/workspace/vendor/mongodb/mongodb/src/Client.php on line 61
[23-Aug-2017 06:08:05 UTC] PHP Stack trace:
[23-Aug-2017 06:08:05 UTC] PHP   1. {main}() /home/ubuntu/workspace/webservices/getMarkers_busqueda.php:0
[23-Aug-2017 06:08:05 UTC] PHP   2. connectDatabaseCollection() /home/ubuntu/workspace/webservices/getMarkers_busqueda.php:6
[23-Aug-2017 06:08:05 UTC] PHP   3. MongoDB\Client->__construct() /home/ubuntu/workspace/webservices/databaseConnection.php:10
[23-Aug-2017 06:08:29 UTC] PHP Fatal error:  Class 'MongoDB\Driver\Manager' not found in /home/ubuntu/workspace/vendor/mongodb/mongodb/src/Client.php on line 61
[23-Aug-2017 06:08:29 UTC] PHP Stack trace:
[23-Aug-2017 06:08:29 UTC] PHP   1. {main}() /home/ubuntu/workspace/webservices/getMarkers_busqueda.php:0
[23-Aug-2017 06:08:29 UTC] PHP   2. connectDatabaseCollection() /home/ubuntu/workspace/webservices/getMarkers_busqueda.php:6
[23-Aug-2017 06:08:29 UTC] PHP   3. MongoDB\Client->__construct() /home/ubuntu/workspace/webservices/databaseConnection.php:10
[23-Aug-2017 06:12:04 UTC] PHP Fatal error:  Class 'MongoDB\Driver\Manager' not found in /home/ubuntu/workspace/vendor/mongodb/mongodb/src/Client.php on line 61
[23-Aug-2017 06:12:04 UTC] PHP Stack trace:
[23-Aug-2017 06:12:04 UTC] PHP   1. {main}() /home/ubuntu/workspace/webservices/getMarkers_busqueda.php:0
[23-Aug-2017 06:12:04 UTC] PHP   2. connectDatabaseCollection() /home/ubuntu/workspace/webservices/getMarkers_busqueda.php:6
[23-Aug-2017 06:12:04 UTC] PHP   3. MongoDB\Client->__construct() /home/ubuntu/workspace/webservices/databaseConnection.php:10
[23-Aug-2017 06:12:07 UTC] PHP Fatal error:  Class 'MongoDB\Driver\Manager' not found in /home/ubuntu/workspace/vendor/mongodb/mongodb/src/Client.php on line 61
[23-Aug-2017 06:12:07 UTC] PHP Stack trace:
[23-Aug-2017 06:12:07 UTC] PHP   1. {main}() /home/ubuntu/workspace/webservices/getMarkers_busqueda.php:0
[23-Aug-2017 06:12:07 UTC] PHP   2. connectDatabaseCollection() /home/ubuntu/workspace/webservices/getMarkers_busqueda.php:6
[23-Aug-2017 06:12:07 UTC] PHP   3. MongoDB\Client->__construct() /home/ubuntu/workspace/webservices/databaseConnection.php:10
[23-Aug-2017 06:12:07 UTC] PHP Fatal error:  Class 'MongoDB\Driver\Manager' not found in /home/ubuntu/workspace/vendor/mongodb/mongodb/src/Client.php on line 61
[23-Aug-2017 06:12:07 UTC] PHP Stack trace:
[23-Aug-2017 06:12:07 UTC] PHP   1. {main}() /home/ubuntu/workspace/webservices/getMarkers_busqueda.php:0
[23-Aug-2017 06:12:07 UTC] PHP   2. connectDatabaseCollection() /home/ubuntu/workspace/webservices/getMarkers_busqueda.php:6
[23-Aug-2017 06:12:07 UTC] PHP   3. MongoDB\Client->__construct() /home/ubuntu/workspace/webservices/databaseConnection.php:10
[23-Aug-2017 06:12:07 UTC] PHP Fatal error:  Class 'MongoDB\Driver\Manager' not found in /home/ubuntu/workspace/vendor/mongodb/mongodb/src/Client.php on line 61
[23-Aug-2017 06:12:07 UTC] PHP Stack trace:
[23-Aug-2017 06:12:07 UTC] PHP   1. {main}() /home/ubuntu/workspace/webservices/getMarkers_busqueda.php:0
[23-Aug-2017 06:12:07 UTC] PHP   2. connectDatabaseCollection() /home/ubuntu/workspace/webservices/getMarkers_busqueda.php:6
[23-Aug-2017 06:12:07 UTC] PHP   3. MongoDB\Client->__construct() /home/ubuntu/workspace/webservices/databaseConnection.php:10
[23-Aug-2017 06:14:19 UTC] PHP Fatal error:  Class 'MongoDB\Driver\Manager' not found in /home/ubuntu/workspace/vendor/mongodb/mongodb/src/Client.php on line 61
[23-Aug-2017 06:14:19 UTC] PHP Stack trace:
[23-Aug-2017 06:14:19 UTC] PHP   1. {main}() /home/ubuntu/workspace/php/completadoFiltro_busqueda.php:0
[23-Aug-2017 06:14:19 UTC] PHP   2. MongoDB\Client->__construct() /home/ubuntu/workspace/php/completadoFiltro_busqueda.php:5
[23-Aug-2017 06:14:19 UTC] PHP Fatal error:  Class 'MongoDB\Driver\Manager' not found in /home/ubuntu/workspace/vendor/mongodb/mongodb/src/Client.php on line 61
[23-Aug-2017 06:14:19 UTC] PHP Stack trace:
[23-Aug-2017 06:14:19 UTC] PHP   1. {main}() /home/ubuntu/workspace/webservices/getMarkers_busqueda.php:0
[23-Aug-2017 06:14:19 UTC] PHP   2. connectDatabaseCollection() /home/ubuntu/workspace/webservices/getMarkers_busqueda.php:6
[23-Aug-2017 06:14:19 UTC] PHP   3. MongoDB\Client->__construct() /home/ubuntu/workspace/webservices/databaseConnection.php:10
[23-Aug-2017 06:17:31 UTC] PHP Fatal error:  Class 'MongoDB\Driver\Manager' not found in /home/ubuntu/workspace/vendor/mongodb/mongodb/src/Client.php on line 61
[23-Aug-2017 06:17:31 UTC] PHP Stack trace:
[23-Aug-2017 06:17:31 UTC] PHP   1. {main}() /home/ubuntu/workspace/php/completadoFiltro_busqueda.php:0
[23-Aug-2017 06:17:31 UTC] PHP   2. MongoDB\Client->__construct() /home/ubuntu/workspace/php/completadoFiltro_busqueda.php:5
[23-Aug-2017 06:17:31 UTC] PHP Fatal error:  Class 'MongoDB\Driver\Manager' not found in /home/ubuntu/workspace/vendor/mongodb/mongodb/src/Client.php on line 61
[23-Aug-2017 06:17:31 UTC] PHP Stack trace:
[23-Aug-2017 06:17:31 UTC] PHP   1. {main}() /home/ubuntu/workspace/webservices/getMarkers_busqueda.php:0
[23-Aug-2017 06:17:31 UTC] PHP   2. connectDatabaseCollection() /home/ubuntu/workspace/webservices/getMarkers_busqueda.php:6
[23-Aug-2017 06:17:31 UTC] PHP   3. MongoDB\Client->__construct() /home/ubuntu/workspace/webservices/databaseConnection.php:10
[23-Aug-2017 06:17:50 UTC] PHP Fatal error:  Class 'MongoDB\Driver\Manager' not found in /home/ubuntu/workspace/vendor/mongodb/mongodb/src/Client.php on line 61
[23-Aug-2017 06:17:50 UTC] PHP Stack trace:
[23-Aug-2017 06:17:50 UTC] PHP   1. {main}() /home/ubuntu/workspace/webservices/getMarkers_busqueda.php:0
[23-Aug-2017 06:17:50 UTC] PHP   2. connectDatabaseCollection() /home/ubuntu/workspace/webservices/getMarkers_busqueda.php:6
[23-Aug-2017 06:17:50 UTC] PHP   3. MongoDB\Client->__construct() /home/ubuntu/workspace/webservices/databaseConnection.php:10
[23-Aug-2017 06:18:56 UTC] PHP Fatal error:  Class 'MongoDB\Driver\Manager' not found in /home/ubuntu/workspace/vendor/mongodb/mongodb/src/Client.php on line 61
[23-Aug-2017 06:18:56 UTC] PHP Stack trace:
[23-Aug-2017 06:18:56 UTC] PHP   1. {main}() /home/ubuntu/workspace/webservices/getMarkers_busqueda.php:0
[23-Aug-2017 06:18:56 UTC] PHP   2. connectDatabaseCollection() /home/ubuntu/workspace/webservices/getMarkers_busqueda.php:6
[23-Aug-2017 06:18:56 UTC] PHP   3. MongoDB\Client->__construct() /home/ubuntu/workspace/webservices/databaseConnection.php:10
[23-Aug-2017 06:42:00 UTC] PHP Fatal error:  Uncaught exception 'MongoDB\Driver\Exception\ConnectionTimeoutException' with message 'No suitable servers found (`serverSelectionTryOnce` set): [connection closed calling ismaster on 'localhost:27017']' in /home/ubuntu/workspace/vendor/mongodb/mongodb/src/Collection.php:341
Stack trace:
#0 /home/ubuntu/workspace/vendor/mongodb/mongodb/src/Collection.php(341): MongoDB\Driver\Manager->selectServer(Object(MongoDB\Driver\ReadPreference))
#1 /home/ubuntu/workspace/php/completadoFiltro_busqueda.php(10): MongoDB\Collection->distinct('POI.nombre_inst...')
#2 {main}
  thrown in /home/ubuntu/workspace/vendor/mongodb/mongodb/src/Collection.php on line 341
[23-Aug-2017 06:42:00 UTC] PHP Fatal error:  Uncaught exception 'MongoDB\Driver\Exception\ConnectionTimeoutException' with message 'No suitable servers found (`serverSelectionTryOnce` set): [connection closed calling ismaster on 'localhost:27017']' in /home/ubuntu/workspace/vendor/mongodb/mongodb/src/Collection.php:185
Stack trace:
#0 /home/ubuntu/workspace/vendor/mongodb/mongodb/src/Collection.php(185): MongoDB\Driver\Manager->selectServer(Object(MongoDB\Driver\ReadPreference))
#1 /home/ubuntu/workspace/webservices/getMarkers_busqueda.php(12): MongoDB\Collection->aggregate(Array)
#2 {main}
  thrown in /home/ubuntu/workspace/vendor/mongodb/mongodb/src/Collection.php on line 185
[25-Aug-2017 04:27:24 UTC] PHP Fatal error:  Uncaught exception 'MongoDB\Driver\Exception\ConnectionTimeoutException' with message 'No suitable servers found (`serverSelectionTryOnce` set): [connection refused calling ismaster on 'localhost:27017']' in /home/ubuntu/workspace/vendor/mongodb/mongodb/src/Collection.php:341
Stack trace:
#0 /home/ubuntu/workspace/vendor/mongodb/mongodb/src/Collection.php(341): MongoDB\Driver\Manager->selectServer(Object(MongoDB\Driver\ReadPreference))
#1 /home/ubuntu/workspace/php/completadoFiltro_busqueda.php(10): MongoDB\Collection->distinct('POI.nombre_inst...')
#2 {main}
  thrown in /home/ubuntu/workspace/vendor/mongodb/mongodb/src/Collection.php on line 341
[25-Aug-2017 04:27:24 UTC] PHP Fatal error:  Uncaught exception 'MongoDB\Driver\Exception\ConnectionTimeoutException' with message 'No suitable servers found (`serverSelectionTryOnce` set): [connection refused calling ismaster on 'localhost:27017']' in /home/ubuntu/workspace/vendor/mongodb/mongodb/src/Collection.php:185
Stack trace:
#0 /home/ubuntu/workspace/vendor/mongodb/mongodb/src/Collection.php(185): MongoDB\Driver\Manager->selectServer(Object(MongoDB\Driver\ReadPreference))
#1 /home/ubuntu/workspace/webservices/getMarkers_busqueda.php(12): MongoDB\Collection->aggregate(Array)
#2 {main}
  thrown in /home/ubuntu/workspace/vendor/mongodb/mongodb/src/Collection.php on line 185
[25-Aug-2017 04:54:08 UTC] PHP Fatal error:  Uncaught exception 'MongoDB\Driver\Exception\ConnectionTimeoutException' with message 'No suitable servers found (`serverSelectionTryOnce` set): [connection refused calling ismaster on 'localhost:27017']' in /home/ubuntu/workspace/vendor/mongodb/mongodb/src/Collection.php:341
Stack trace:
#0 /home/ubuntu/workspace/vendor/mongodb/mongodb/src/Collection.php(341): MongoDB\Driver\Manager->selectServer(Object(MongoDB\Driver\ReadPreference))
#1 /home/ubuntu/workspace/php/completadoFiltro_busqueda.php(10): MongoDB\Collection->distinct('POI.nombre_inst...')
#2 {main}
  thrown in /home/ubuntu/workspace/vendor/mongodb/mongodb/src/Collection.php on line 341
[25-Aug-2017 04:54:08 UTC] PHP Fatal error:  Uncaught exception 'MongoDB\Driver\Exception\ConnectionTimeoutException' with message 'No suitable servers found (`serverSelectionTryOnce` set): [connection refused calling ismaster on 'localhost:27017']' in /home/ubuntu/workspace/vendor/mongodb/mongodb/src/Collection.php:185
Stack trace:
#0 /home/ubuntu/workspace/vendor/mongodb/mongodb/src/Collection.php(185): MongoDB\Driver\Manager->selectServer(Object(MongoDB\Driver\ReadPreference))
#1 /home/ubuntu/workspace/webservices/getMarkers_busqueda.php(12): MongoDB\Collection->aggregate(Array)
#2 {main}
  thrown in /home/ubuntu/workspace/vendor/mongodb/mongodb/src/Collection.php on line 185
[01-Sep-2017 04:36:24 UTC] PHP Fatal error:  Uncaught exception 'MongoDB\Driver\Exception\InvalidArgumentException' with message 'Error parsing ObjectID string: 8' in /home/ubuntu/workspace/webservices/datosArPOI_busqueda.php:11
Stack trace:
#0 /home/ubuntu/workspace/webservices/datosArPOI_busqueda.php(11): MongoDB\BSON\ObjectID->__construct('8')
#1 {main}
  thrown in /home/ubuntu/workspace/webservices/datosArPOI_busqueda.php on line 11
[01-Sep-2017 04:36:29 UTC] PHP Fatal error:  Uncaught exception 'MongoDB\Driver\Exception\InvalidArgumentException' with message 'Error parsing ObjectID string: 8' in /home/ubuntu/workspace/webservices/datosArPOI_busqueda.php:11
Stack trace:
#0 /home/ubuntu/workspace/webservices/datosArPOI_busqueda.php(11): MongoDB\BSON\ObjectID->__construct('8')
#1 {main}
  thrown in /home/ubuntu/workspace/webservices/datosArPOI_busqueda.php on line 11
[01-Sep-2017 04:36:30 UTC] PHP Fatal error:  Uncaught exception 'MongoDB\Driver\Exception\InvalidArgumentException' with message 'Error parsing ObjectID string: 8' in /home/ubuntu/workspace/webservices/datosArPOI_busqueda.php:11
Stack trace:
#0 /home/ubuntu/workspace/webservices/datosArPOI_busqueda.php(11): MongoDB\BSON\ObjectID->__construct('8')
#1 {main}
  thrown in /home/ubuntu/workspace/webservices/datosArPOI_busqueda.php on line 11
[01-Sep-2017 04:36:30 UTC] PHP Fatal error:  Uncaught exception 'MongoDB\Driver\Exception\InvalidArgumentException' with message 'Error parsing ObjectID string: 8' in /home/ubuntu/workspace/webservices/datosArPOI_busqueda.php:11
Stack trace:
#0 /home/ubuntu/workspace/webservices/datosArPOI_busqueda.php(11): MongoDB\BSON\ObjectID->__construct('8')
#1 {main}
  thrown in /home/ubuntu/workspace/webservices/datosArPOI_busqueda.php on line 11
[01-Sep-2017 04:36:31 UTC] PHP Fatal error:  Uncaught exception 'MongoDB\Driver\Exception\InvalidArgumentException' with message 'Error parsing ObjectID string: 8' in /home/ubuntu/workspace/webservices/datosArPOI_busqueda.php:11
Stack trace:
#0 /home/ubuntu/workspace/webservices/datosArPOI_busqueda.php(11): MongoDB\BSON\ObjectID->__construct('8')
#1 {main}
  thrown in /home/ubuntu/workspace/webservices/datosArPOI_busqueda.php on line 11
[01-Sep-2017 04:36:31 UTC] PHP Fatal error:  Uncaught exception 'MongoDB\Driver\Exception\InvalidArgumentException' with message 'Error parsing ObjectID string: 8' in /home/ubuntu/workspace/webservices/datosArPOI_busqueda.php:11
Stack trace:
#0 /home/ubuntu/workspace/webservices/datosArPOI_busqueda.php(11): MongoDB\BSON\ObjectID->__construct('8')
#1 {main}
  thrown in /home/ubuntu/workspace/webservices/datosArPOI_busqueda.php on line 11
[01-Sep-2017 04:36:31 UTC] PHP Fatal error:  Uncaught exception 'MongoDB\Driver\Exception\InvalidArgumentException' with message 'Error parsing ObjectID string: 8' in /home/ubuntu/workspace/webservices/datosArPOI_busqueda.php:11
Stack trace:
#0 /home/ubuntu/workspace/webservices/datosArPOI_busqueda.php(11): MongoDB\BSON\ObjectID->__construct('8')
#1 {main}
  thrown in /home/ubuntu/workspace/webservices/datosArPOI_busqueda.php on line 11
[01-Sep-2017 04:36:31 UTC] PHP Fatal error:  Uncaught exception 'MongoDB\Driver\Exception\InvalidArgumentException' with message 'Error parsing ObjectID string: 8' in /home/ubuntu/workspace/webservices/datosArPOI_busqueda.php:11
Stack trace:
#0 /home/ubuntu/workspace/webservices/datosArPOI_busqueda.php(11): MongoDB\BSON\ObjectID->__construct('8')
#1 {main}
  thrown in /home/ubuntu/workspace/webservices/datosArPOI_busqueda.php on line 11
[01-Sep-2017 04:36:32 UTC] PHP Fatal error:  Uncaught exception 'MongoDB\Driver\Exception\InvalidArgumentException' with message 'Error parsing ObjectID string: 8' in /home/ubuntu/workspace/webservices/datosArPOI_busqueda.php:11
Stack trace:
#0 /home/ubuntu/workspace/webservices/datosArPOI_busqueda.php(11): MongoDB\BSON\ObjectID->__construct('8')
#1 {main}
  thrown in /home/ubuntu/workspace/webservices/datosArPOI_busqueda.php on line 11
[01-Sep-2017 04:36:32 UTC] PHP Fatal error:  Uncaught exception 'MongoDB\Driver\Exception\InvalidArgumentException' with message 'Error parsing ObjectID string: 8' in /home/ubuntu/workspace/webservices/datosArPOI_busqueda.php:11
Stack trace:
#0 /home/ubuntu/workspace/webservices/datosArPOI_busqueda.php(11): MongoDB\BSON\ObjectID->__construct('8')
#1 {main}
  thrown in /home/ubuntu/workspace/webservices/datosArPOI_busqueda.php on line 11
[01-Sep-2017 04:36:32 UTC] PHP Fatal error:  Uncaught exception 'MongoDB\Driver\Exception\InvalidArgumentException' with message 'Error parsing ObjectID string: 8' in /home/ubuntu/workspace/webservices/datosArPOI_busqueda.php:11
Stack trace:
#0 /home/ubuntu/workspace/webservices/datosArPOI_busqueda.php(11): MongoDB\BSON\ObjectID->__construct('8')
#1 {main}
  thrown in /home/ubuntu/workspace/webservices/datosArPOI_busqueda.php on line 11
[01-Sep-2017 04:36:32 UTC] PHP Fatal error:  Uncaught exception 'MongoDB\Driver\Exception\InvalidArgumentException' with message 'Error parsing ObjectID string: 8' in /home/ubuntu/workspace/webservices/datosArPOI_busqueda.php:11
Stack trace:
#0 /home/ubuntu/workspace/webservices/datosArPOI_busqueda.php(11): MongoDB\BSON\ObjectID->__construct('8')
#1 {main}
  thrown in /home/ubuntu/workspace/webservices/datosArPOI_busqueda.php on line 11
[01-Sep-2017 04:37:34 UTC] PHP Fatal error:  Uncaught exception 'MongoDB\Driver\Exception\InvalidArgumentException' with message 'Error parsing ObjectID string: 8' in /home/ubuntu/workspace/webservices/datosArPOI_busqueda.php:11
Stack trace:
#0 /home/ubuntu/workspace/webservices/datosArPOI_busqueda.php(11): MongoDB\BSON\ObjectID->__construct('8')
#1 {main}
  thrown in /home/ubuntu/workspace/webservices/datosArPOI_busqueda.php on line 11
[01-Sep-2017 04:38:12 UTC] PHP Fatal error:  Uncaught exception 'MongoDB\Driver\Exception\InvalidArgumentException' with message 'Error parsing ObjectID string: 11' in /home/ubuntu/workspace/webservices/datosArPOI_busqueda.php:11
Stack trace:
#0 /home/ubuntu/workspace/webservices/datosArPOI_busqueda.php(11): MongoDB\BSON\ObjectID->__construct('11')
#1 {main}
  thrown in /home/ubuntu/workspace/webservices/datosArPOI_busqueda.php on line 11
[01-Sep-2017 04:38:50 UTC] PHP Fatal error:  Uncaught exception 'MongoDB\Driver\Exception\InvalidArgumentException' with message 'Error parsing ObjectID string: 11' in /home/ubuntu/workspace/webservices/datosArPOI_busqueda.php:11
Stack trace:
#0 /home/ubuntu/workspace/webservices/datosArPOI_busqueda.php(11): MongoDB\BSON\ObjectID->__construct('11')
#1 {main}
  thrown in /home/ubuntu/workspace/webservices/datosArPOI_busqueda.php on line 11
[01-Sep-2017 05:47:09 UTC] PHP Warning:  require(views/inc/header.php): failed to open stream: No such file or directory in /home/ubuntu/workspace/views/prueba.php on line 2
[01-Sep-2017 05:47:09 UTC] PHP Stack trace:
[01-Sep-2017 05:47:09 UTC] PHP   1. {main}() /home/ubuntu/workspace/views/prueba.php:0
[01-Sep-2017 05:47:09 UTC] PHP Fatal error:  require(): Failed opening required 'views/inc/header.php' (include_path='.:/usr/share/php:/usr/share/pear') in /home/ubuntu/workspace/views/prueba.php on line 2
[01-Sep-2017 05:47:09 UTC] PHP Stack trace:
[01-Sep-2017 05:47:09 UTC] PHP   1. {main}() /home/ubuntu/workspace/views/prueba.php:0
[01-Sep-2017 05:47:59 UTC] PHP Warning:  require(views/inc/header.php): failed to open stream: No such file or directory in /home/ubuntu/workspace/views/prueba.php on line 2
[01-Sep-2017 05:47:59 UTC] PHP Stack trace:
[01-Sep-2017 05:47:59 UTC] PHP   1. {main}() /home/ubuntu/workspace/views/prueba.php:0
[01-Sep-2017 05:47:59 UTC] PHP Fatal error:  require(): Failed opening required 'views/inc/header.php' (include_path='.:/usr/share/php:/usr/share/pear') in /home/ubuntu/workspace/views/prueba.php on line 2
[01-Sep-2017 05:47:59 UTC] PHP Stack trace:
[01-Sep-2017 05:47:59 UTC] PHP   1. {main}() /home/ubuntu/workspace/views/prueba.php:0
[08-Sep-2017 04:59:02 UTC] PHP Fatal error:  Uncaught exception 'MongoDB\Driver\Exception\ConnectionTimeoutException' with message 'No suitable servers found (`serverSelectionTryOnce` set): [connection closed calling ismaster on 'localhost:27017']' in /home/ubuntu/workspace/vendor/mongodb/mongodb/src/Collection.php:341
Stack trace:
#0 /home/ubuntu/workspace/vendor/mongodb/mongodb/src/Collection.php(341): MongoDB\Driver\Manager->selectServer(Object(MongoDB\Driver\ReadPreference))
#1 /home/ubuntu/workspace/php/completadoFiltro_busqueda.php(10): MongoDB\Collection->distinct('POI.nombre_inst...')
#2 {main}
  thrown in /home/ubuntu/workspace/vendor/mongodb/mongodb/src/Collection.php on line 341
[08-Sep-2017 04:59:03 UTC] PHP Fatal error:  Uncaught exception 'MongoDB\Driver\Exception\ConnectionTimeoutException' with message 'No suitable servers found (`serverSelectionTryOnce` set): [connection closed calling ismaster on 'localhost:27017']' in /home/ubuntu/workspace/vendor/mongodb/mongodb/src/Collection.php:185
Stack trace:
#0 /home/ubuntu/workspace/vendor/mongodb/mongodb/src/Collection.php(185): MongoDB\Driver\Manager->selectServer(Object(MongoDB\Driver\ReadPreference))
#1 /home/ubuntu/workspace/webservices/getMarkers_busqueda.php(12): MongoDB\Collection->aggregate(Array)
#2 {main}
  thrown in /home/ubuntu/workspace/vendor/mongodb/mongodb/src/Collection.php on line 185
[08-Sep-2017 05:02:14 UTC] PHP Fatal error:  Uncaught exception 'MongoDB\Driver\Exception\ConnectionTimeoutException' with message 'No suitable servers found (`serverSelectionTryOnce` set): [connection closed calling ismaster on 'localhost:27017']' in /home/ubuntu/workspace/vendor/mongodb/mongodb/src/Collection.php:341
Stack trace:
#0 /home/ubuntu/workspace/vendor/mongodb/mongodb/src/Collection.php(341): MongoDB\Driver\Manager->selectServer(Object(MongoDB\Driver\ReadPreference))
#1 /home/ubuntu/workspace/php/completadoFiltro_busqueda.php(10): MongoDB\Collection->distinct('POI.nombre_inst...')
#2 {main}
  thrown in /home/ubuntu/workspace/vendor/mongodb/mongodb/src/Collection.php on line 341
[08-Sep-2017 05:07:52 UTC] PHP Fatal error:  Uncaught exception 'MongoDB\Driver\Exception\ConnectionTimeoutException' with message 'No suitable servers found (`serverSelectionTryOnce` set): [connection closed calling ismaster on 'localhost:27017']' in /home/ubuntu/workspace/vendor/mongodb/mongodb/src/Collection.php:435
Stack trace:
#0 /home/ubuntu/workspace/vendor/mongodb/mongodb/src/Collection.php(435): MongoDB\Driver\Manager->selectServer(Object(MongoDB\Driver\ReadPreference))
#1 /home/ubuntu/workspace/webservices/datosArPOI_busqueda.php(11): MongoDB\Collection->find(Array)
#2 {main}
  thrown in /home/ubuntu/workspace/vendor/mongodb/mongodb/src/Collection.php on line 435
[08-Sep-2017 05:07:57 UTC] PHP Fatal error:  Uncaught exception 'MongoDB\Driver\Exception\ConnectionTimeoutException' with message 'No suitable servers found (`serverSelectionTryOnce` set): [connection closed calling ismaster on 'localhost:27017']' in /home/ubuntu/workspace/vendor/mongodb/mongodb/src/Collection.php:435
Stack trace:
#0 /home/ubuntu/workspace/vendor/mongodb/mongodb/src/Collection.php(435): MongoDB\Driver\Manager->selectServer(Object(MongoDB\Driver\ReadPreference))
#1 /home/ubuntu/workspace/webservices/datosArPOI_busqueda.php(11): MongoDB\Collection->find(Array)
#2 {main}
  thrown in /home/ubuntu/workspace/vendor/mongodb/mongodb/src/Collection.php on line 435
[08-Sep-2017 05:07:58 UTC] PHP Fatal error:  Uncaught exception 'MongoDB\Driver\Exception\ConnectionTimeoutException' with message 'No suitable servers found (`serverSelectionTryOnce` set): [connection closed calling ismaster on 'localhost:27017']' in /home/ubuntu/workspace/vendor/mongodb/mongodb/src/Collection.php:435
Stack trace:
#0 /home/ubuntu/workspace/vendor/mongodb/mongodb/src/Collection.php(435): MongoDB\Driver\Manager->selectServer(Object(MongoDB\Driver\ReadPreference))
#1 /home/ubuntu/workspace/webservices/datosArPOI_busqueda.php(11): MongoDB\Collection->find(Array)
#2 {main}
  thrown in /home/ubuntu/workspace/vendor/mongodb/mongodb/src/Collection.php on line 435
[15-Sep-2017 04:27:23 UTC] PHP Fatal error:  Uncaught exception 'MongoDB\Driver\Exception\ConnectionTimeoutException' with message 'No suitable servers found (`serverSelectionTryOnce` set): [connection refused calling ismaster on 'localhost:27017']' in /home/ubuntu/workspace/vendor/mongodb/mongodb/src/Collection.php:341
Stack trace:
#0 /home/ubuntu/workspace/vendor/mongodb/mongodb/src/Collection.php(341): MongoDB\Driver\Manager->selectServer(Object(MongoDB\Driver\ReadPreference))
#1 /home/ubuntu/workspace/php/completadoFiltro_busqueda.php(10): MongoDB\Collection->distinct('POI.nombre_inst...')
#2 {main}
  thrown in /home/ubuntu/workspace/vendor/mongodb/mongodb/src/Collection.php on line 341
[15-Sep-2017 04:27:23 UTC] PHP Fatal error:  Uncaught exception 'MongoDB\Driver\Exception\ConnectionTimeoutException' with message 'No suitable servers found (`serverSelectionTryOnce` set): [connection refused calling ismaster on 'localhost:27017']' in /home/ubuntu/workspace/vendor/mongodb/mongodb/src/Collection.php:185
Stack trace:
#0 /home/ubuntu/workspace/vendor/mongodb/mongodb/src/Collection.php(185): MongoDB\Driver\Manager->selectServer(Object(MongoDB\Driver\ReadPreference))
#1 /home/ubuntu/workspace/webservices/getMarkers_busqueda.php(12): MongoDB\Collection->aggregate(Array)
#2 {main}
  thrown in /home/ubuntu/workspace/vendor/mongodb/mongodb/src/Collection.php on line 185
[15-Sep-2017 04:27:48 UTC] PHP Fatal error:  Uncaught exception 'MongoDB\Driver\Exception\ConnectionTimeoutException' with message 'No suitable servers found (`serverSelectionTryOnce` set): [connection refused calling ismaster on 'localhost:27017']' in /home/ubuntu/workspace/vendor/mongodb/mongodb/src/Collection.php:341
Stack trace:
#0 /home/ubuntu/workspace/vendor/mongodb/mongodb/src/Collection.php(341): MongoDB\Driver\Manager->selectServer(Object(MongoDB\Driver\ReadPreference))
#1 /home/ubuntu/workspace/php/completadoFiltro_busqueda.php(10): MongoDB\Collection->distinct('POI.nombre_inst...')
#2 {main}
  thrown in /home/ubuntu/workspace/vendor/mongodb/mongodb/src/Collection.php on line 341
[15-Sep-2017 04:27:49 UTC] PHP Fatal error:  Uncaught exception 'MongoDB\Driver\Exception\ConnectionTimeoutException' with message 'No suitable servers found (`serverSelectionTryOnce` set): [connection refused calling ismaster on 'localhost:27017']' in /home/ubuntu/workspace/vendor/mongodb/mongodb/src/Collection.php:185
Stack trace:
#0 /home/ubuntu/workspace/vendor/mongodb/mongodb/src/Collection.php(185): MongoDB\Driver\Manager->selectServer(Object(MongoDB\Driver\ReadPreference))
#1 /home/ubuntu/workspace/webservices/getMarkers_busqueda.php(12): MongoDB\Collection->aggregate(Array)
#2 {main}
  thrown in /home/ubuntu/workspace/vendor/mongodb/mongodb/src/Collection.php on line 185
[15-Sep-2017 04:27:53 UTC] PHP Fatal error:  Uncaught exception 'MongoDB\Driver\Exception\ConnectionTimeoutException' with message 'No suitable servers found (`serverSelectionTryOnce` set): [connection refused calling ismaster on 'localhost:27017']' in /home/ubuntu/workspace/vendor/mongodb/mongodb/src/Collection.php:341
Stack trace:
#0 /home/ubuntu/workspace/vendor/mongodb/mongodb/src/Collection.php(341): MongoDB\Driver\Manager->selectServer(Object(MongoDB\Driver\ReadPreference))
#1 /home/ubuntu/workspace/php/completadoFiltro_busqueda.php(10): MongoDB\Collection->distinct('POI.nombre_inst...')
#2 {main}
  thrown in /home/ubuntu/workspace/vendor/mongodb/mongodb/src/Collection.php on line 341
[15-Sep-2017 04:27:53 UTC] PHP Fatal error:  Uncaught exception 'MongoDB\Driver\Exception\ConnectionTimeoutException' with message 'No suitable servers found (`serverSelectionTryOnce` set): [connection refused calling ismaster on 'localhost:27017']' in /home/ubuntu/workspace/vendor/mongodb/mongodb/src/Collection.php:185
Stack trace:
#0 /home/ubuntu/workspace/vendor/mongodb/mongodb/src/Collection.php(185): MongoDB\Driver\Manager->selectServer(Object(MongoDB\Driver\ReadPreference))
#1 /home/ubuntu/workspace/webservices/getMarkers_busqueda.php(12): MongoDB\Collection->aggregate(Array)
#2 {main}
  thrown in /home/ubuntu/workspace/vendor/mongodb/mongodb/src/Collection.php on line 185
[15-Sep-2017 04:28:48 UTC] PHP Fatal error:  Uncaught exception 'MongoDB\Driver\Exception\ConnectionTimeoutException' with message 'No suitable servers found (`serverSelectionTryOnce` set): [connection refused calling ismaster on 'localhost:27017']' in /home/ubuntu/workspace/vendor/mongodb/mongodb/src/Collection.php:341
Stack trace:
#0 /home/ubuntu/workspace/vendor/mongodb/mongodb/src/Collection.php(341): MongoDB\Driver\Manager->selectServer(Object(MongoDB\Driver\ReadPreference))
#1 /home/ubuntu/workspace/php/completadoFiltro_busqueda.php(10): MongoDB\Collection->distinct('POI.nombre_inst...')
#2 {main}
  thrown in /home/ubuntu/workspace/vendor/mongodb/mongodb/src/Collection.php on line 341
[15-Sep-2017 04:28:49 UTC] PHP Fatal error:  Uncaught exception 'MongoDB\Driver\Exception\ConnectionTimeoutException' with message 'No suitable servers found (`serverSelectionTryOnce` set): [connection refused calling ismaster on 'localhost:27017']' in /home/ubuntu/workspace/vendor/mongodb/mongodb/src/Collection.php:185
Stack trace:
#0 /home/ubuntu/workspace/vendor/mongodb/mongodb/src/Collection.php(185): MongoDB\Driver\Manager->selectServer(Object(MongoDB\Driver\ReadPreference))
#1 /home/ubuntu/workspace/webservices/getMarkers_busqueda.php(12): MongoDB\Collection->aggregate(Array)
#2 {main}
  thrown in /home/ubuntu/workspace/vendor/mongodb/mongodb/src/Collection.php on line 185
[15-Sep-2017 04:29:08 UTC] PHP Fatal error:  Uncaught exception 'MongoDB\Driver\Exception\ConnectionTimeoutException' with message 'No suitable servers found (`serverSelectionTryOnce` set): [connection refused calling ismaster on 'localhost:27017']' in /home/ubuntu/workspace/vendor/mongodb/mongodb/src/Collection.php:341
Stack trace:
#0 /home/ubuntu/workspace/vendor/mongodb/mongodb/src/Collection.php(341): MongoDB\Driver\Manager->selectServer(Object(MongoDB\Driver\ReadPreference))
#1 /home/ubuntu/workspace/php/completadoFiltro_busqueda.php(10): MongoDB\Collection->distinct('POI.nombre_inst...')
#2 {main}
  thrown in /home/ubuntu/workspace/vendor/mongodb/mongodb/src/Collection.php on line 341
[15-Sep-2017 04:29:09 UTC] PHP Fatal error:  Uncaught exception 'MongoDB\Driver\Exception\ConnectionTimeoutException' with message 'No suitable servers found (`serverSelectionTryOnce` set): [connection refused calling ismaster on 'localhost:27017']' in /home/ubuntu/workspace/vendor/mongodb/mongodb/src/Collection.php:185
Stack trace:
#0 /home/ubuntu/workspace/vendor/mongodb/mongodb/src/Collection.php(185): MongoDB\Driver\Manager->selectServer(Object(MongoDB\Driver\ReadPreference))
#1 /home/ubuntu/workspace/webservices/getMarkers_busqueda.php(12): MongoDB\Collection->aggregate(Array)
#2 {main}
  thrown in /home/ubuntu/workspace/vendor/mongodb/mongodb/src/Collection.php on line 185
[15-Sep-2017 04:29:19 UTC] PHP Fatal error:  Uncaught exception 'MongoDB\Driver\Exception\ConnectionTimeoutException' with message 'No suitable servers found (`serverSelectionTryOnce` set): [connection refused calling ismaster on 'localhost:27017']' in /home/ubuntu/workspace/vendor/mongodb/mongodb/src/Collection.php:341
Stack trace:
#0 /home/ubuntu/workspace/vendor/mongodb/mongodb/src/Collection.php(341): MongoDB\Driver\Manager->selectServer(Object(MongoDB\Driver\ReadPreference))
#1 /home/ubuntu/workspace/php/completadoFiltro_busqueda.php(10): MongoDB\Collection->distinct('POI.nombre_inst...')
#2 {main}
  thrown in /home/ubuntu/workspace/vendor/mongodb/mongodb/src/Collection.php on line 341
[15-Sep-2017 04:29:19 UTC] PHP Fatal error:  Uncaught exception 'MongoDB\Driver\Exception\ConnectionTimeoutException' with message 'No suitable servers found (`serverSelectionTryOnce` set): [connection refused calling ismaster on 'localhost:27017']' in /home/ubuntu/workspace/vendor/mongodb/mongodb/src/Collection.php:185
Stack trace:
#0 /home/ubuntu/workspace/vendor/mongodb/mongodb/src/Collection.php(185): MongoDB\Driver\Manager->selectServer(Object(MongoDB\Driver\ReadPreference))
#1 /home/ubuntu/workspace/webservices/getMarkers_busqueda.php(12): MongoDB\Collection->aggregate(Array)
#2 {main}
  thrown in /home/ubuntu/workspace/vendor/mongodb/mongodb/src/Collection.php on line 185
[16-Sep-2017 04:50:21 UTC] PHP Fatal error:  Class 'MongoDB\Driver\Manager' not found in /home/ubuntu/workspace/vendor/mongodb/mongodb/src/Client.php on line 61
[16-Sep-2017 04:50:21 UTC] PHP Stack trace:
[16-Sep-2017 04:50:21 UTC] PHP   1. {main}() /home/ubuntu/workspace/php/completadoFiltro_busqueda.php:0
[16-Sep-2017 04:50:21 UTC] PHP   2. MongoDB\Client->__construct() /home/ubuntu/workspace/php/completadoFiltro_busqueda.php:5
[16-Sep-2017 04:50:21 UTC] PHP Fatal error:  Class 'MongoDB\Driver\Manager' not found in /home/ubuntu/workspace/vendor/mongodb/mongodb/src/Client.php on line 61
[16-Sep-2017 04:50:21 UTC] PHP Stack trace:
[16-Sep-2017 04:50:21 UTC] PHP   1. {main}() /home/ubuntu/workspace/webservices/getMarkers_busqueda.php:0
[16-Sep-2017 04:50:21 UTC] PHP   2. connectDatabaseCollection() /home/ubuntu/workspace/webservices/getMarkers_busqueda.php:6
[16-Sep-2017 04:50:21 UTC] PHP   3. MongoDB\Client->__construct() /home/ubuntu/workspace/webservices/databaseConnection.php:11
[16-Sep-2017 04:51:45 UTC] PHP Fatal error:  Class 'MongoDB\Driver\Manager' not found in /home/ubuntu/workspace/vendor/mongodb/mongodb/src/Client.php on line 61
[16-Sep-2017 04:51:45 UTC] PHP Stack trace:
[16-Sep-2017 04:51:45 UTC] PHP   1. {main}() /home/ubuntu/workspace/php/completadoFiltro_busqueda.php:0
[16-Sep-2017 04:51:45 UTC] PHP   2. MongoDB\Client->__construct() /home/ubuntu/workspace/php/completadoFiltro_busqueda.php:5
[16-Sep-2017 04:51:45 UTC] PHP Fatal error:  Class 'MongoDB\Driver\Manager' not found in /home/ubuntu/workspace/vendor/mongodb/mongodb/src/Client.php on line 61
[16-Sep-2017 04:51:45 UTC] PHP Stack trace:
[16-Sep-2017 04:51:45 UTC] PHP   1. {main}() /home/ubuntu/workspace/webservices/getMarkers_busqueda.php:0
[16-Sep-2017 04:51:45 UTC] PHP   2. connectDatabaseCollection() /home/ubuntu/workspace/webservices/getMarkers_busqueda.php:6
[16-Sep-2017 04:51:45 UTC] PHP   3. MongoDB\Client->__construct() /home/ubuntu/workspace/webservices/databaseConnection.php:11
[16-Sep-2017 04:54:52 UTC] PHP Fatal error:  Class 'MongoDB\Driver\Manager' not found in /home/ubuntu/workspace/vendor/mongodb/mongodb/src/Client.php on line 61
[16-Sep-2017 04:54:52 UTC] PHP Stack trace:
[16-Sep-2017 04:54:52 UTC] PHP   1. {main}() /home/ubuntu/workspace/php/completadoFiltro_busqueda.php:0
[16-Sep-2017 04:54:52 UTC] PHP   2. MongoDB\Client->__construct() /home/ubuntu/workspace/php/completadoFiltro_busqueda.php:5
[16-Sep-2017 04:54:52 UTC] PHP Fatal error:  Class 'MongoDB\Driver\Manager' not found in /home/ubuntu/workspace/vendor/mongodb/mongodb/src/Client.php on line 61
[16-Sep-2017 04:54:52 UTC] PHP Stack trace:
[16-Sep-2017 04:54:52 UTC] PHP   1. {main}() /home/ubuntu/workspace/webservices/getMarkers_busqueda.php:0
[16-Sep-2017 04:54:52 UTC] PHP   2. connectDatabaseCollection() /home/ubuntu/workspace/webservices/getMarkers_busqueda.php:6
[16-Sep-2017 04:54:52 UTC] PHP   3. MongoDB\Client->__construct() /home/ubuntu/workspace/webservices/databaseConnection.php:11
[16-Sep-2017 05:02:43 UTC] PHP Fatal error:  Class 'MongoDB\Driver\Manager' not found in /home/ubuntu/workspace/vendor/mongodb/mongodb/src/Client.php on line 61
[16-Sep-2017 05:02:43 UTC] PHP Stack trace:
[16-Sep-2017 05:02:43 UTC] PHP   1. {main}() /home/ubuntu/workspace/php/completadoFiltro_busqueda.php:0
[16-Sep-2017 05:02:43 UTC] PHP   2. MongoDB\Client->__construct() /home/ubuntu/workspace/php/completadoFiltro_busqueda.php:5
[16-Sep-2017 05:02:43 UTC] PHP Fatal error:  Class 'MongoDB\Driver\Manager' not found in /home/ubuntu/workspace/vendor/mongodb/mongodb/src/Client.php on line 61
[16-Sep-2017 05:02:43 UTC] PHP Stack trace:
[16-Sep-2017 05:02:43 UTC] PHP   1. {main}() /home/ubuntu/workspace/webservices/getMarkers_busqueda.php:0
[16-Sep-2017 05:02:43 UTC] PHP   2. connectDatabaseCollection() /home/ubuntu/workspace/webservices/getMarkers_busqueda.php:6
[16-Sep-2017 05:02:43 UTC] PHP   3. MongoDB\Client->__construct() /home/ubuntu/workspace/webservices/databaseConnection.php:11
[16-Sep-2017 05:04:36 UTC] PHP Fatal error:  Class 'MongoDB\Driver\Manager' not found in /home/ubuntu/workspace/vendor/mongodb/mongodb/src/Client.php on line 61
[16-Sep-2017 05:04:36 UTC] PHP Stack trace:
[16-Sep-2017 05:04:36 UTC] PHP   1. {main}() /home/ubuntu/workspace/webservices/getMarkers_busqueda.php:0
[16-Sep-2017 05:04:36 UTC] PHP   2. connectDatabaseCollection() /home/ubuntu/workspace/webservices/getMarkers_busqueda.php:6
[16-Sep-2017 05:04:36 UTC] PHP   3. MongoDB\Client->__construct() /home/ubuntu/workspace/webservices/databaseConnection.php:11
[16-Sep-2017 05:16:14 UTC] PHP Fatal error:  Uncaught exception 'MongoDB\Driver\Exception\ConnectionTimeoutException' with message 'No suitable servers found (`serverSelectionTryOnce` set): [connection refused calling ismaster on 'localhost:27017']' in /home/ubuntu/workspace/vendor/mongodb/mongodb/src/Collection.php:341
Stack trace:
#0 /home/ubuntu/workspace/vendor/mongodb/mongodb/src/Collection.php(341): MongoDB\Driver\Manager->selectServer(Object(MongoDB\Driver\ReadPreference))
#1 /home/ubuntu/workspace/php/completadoFiltro_busqueda.php(10): MongoDB\Collection->distinct('POI.nombre_inst...')
#2 {main}
  thrown in /home/ubuntu/workspace/vendor/mongodb/mongodb/src/Collection.php on line 341
[16-Sep-2017 05:16:14 UTC] PHP Fatal error:  Uncaught exception 'MongoDB\Driver\Exception\ConnectionTimeoutException' with message 'No suitable servers found (`serverSelectionTryOnce` set): [connection refused calling ismaster on 'localhost:27017']' in /home/ubuntu/workspace/vendor/mongodb/mongodb/src/Collection.php:185
Stack trace:
#0 /home/ubuntu/workspace/vendor/mongodb/mongodb/src/Collection.php(185): MongoDB\Driver\Manager->selectServer(Object(MongoDB\Driver\ReadPreference))
#1 /home/ubuntu/workspace/webservices/getMarkers_busqueda.php(12): MongoDB\Collection->aggregate(Array)
#2 {main}
  thrown in /home/ubuntu/workspace/vendor/mongodb/mongodb/src/Collection.php on line 185
[19-Sep-2017 17:13:53 UTC] PHP Fatal error:  Uncaught exception 'MongoDB\Driver\Exception\ConnectionTimeoutException' with message 'No suitable servers found (`serverSelectionTryOnce` set): [connection refused calling ismaster on 'localhost:27017']' in /home/ubuntu/workspace/vendor/mongodb/mongodb/src/Collection.php:341
Stack trace:
#0 /home/ubuntu/workspace/vendor/mongodb/mongodb/src/Collection.php(341): MongoDB\Driver\Manager->selectServer(Object(MongoDB\Driver\ReadPreference))
#1 /home/ubuntu/workspace/php/completadoFiltro_busqueda.php(10): MongoDB\Collection->distinct('POI.nombre_inst...')
#2 {main}
  thrown in /home/ubuntu/workspace/vendor/mongodb/mongodb/src/Collection.php on line 341
[19-Sep-2017 17:13:56 UTC] PHP Fatal error:  Uncaught exception 'MongoDB\Driver\Exception\ConnectionTimeoutException' with message 'No suitable servers found (`serverSelectionTryOnce` set): [connection refused calling ismaster on 'localhost:27017']' in /home/ubuntu/workspace/vendor/mongodb/mongodb/src/Collection.php:185
Stack trace:
#0 /home/ubuntu/workspace/vendor/mongodb/mongodb/src/Collection.php(185): MongoDB\Driver\Manager->selectServer(Object(MongoDB\Driver\ReadPreference))
#1 /home/ubuntu/workspace/webservices/getMarkers_busqueda.php(12): MongoDB\Collection->aggregate(Array)
#2 {main}
  thrown in /home/ubuntu/workspace/vendor/mongodb/mongodb/src/Collection.php on line 185
[19-Sep-2017 17:14:30 UTC] PHP Fatal error:  Uncaught exception 'MongoDB\Driver\Exception\ConnectionTimeoutException' with message 'No suitable servers found (`serverSelectionTryOnce` set): [connection refused calling ismaster on 'localhost:27017']' in /home/ubuntu/workspace/vendor/mongodb/mongodb/src/Collection.php:341
Stack trace:
#0 /home/ubuntu/workspace/vendor/mongodb/mongodb/src/Collection.php(341): MongoDB\Driver\Manager->selectServer(Object(MongoDB\Driver\ReadPreference))
#1 /home/ubuntu/workspace/php/completadoFiltro_busqueda.php(10): MongoDB\Collection->distinct('POI.nombre_inst...')
#2 {main}
  thrown in /home/ubuntu/workspace/vendor/mongodb/mongodb/src/Collection.php on line 341
[19-Sep-2017 17:14:30 UTC] PHP Fatal error:  Uncaught exception 'MongoDB\Driver\Exception\ConnectionTimeoutException' with message 'No suitable servers found (`serverSelectionTryOnce` set): [connection refused calling ismaster on 'localhost:27017']' in /home/ubuntu/workspace/vendor/mongodb/mongodb/src/Collection.php:185
Stack trace:
#0 /home/ubuntu/workspace/vendor/mongodb/mongodb/src/Collection.php(185): MongoDB\Driver\Manager->selectServer(Object(MongoDB\Driver\ReadPreference))
#1 /home/ubuntu/workspace/webservices/getMarkers_busqueda.php(12): MongoDB\Collection->aggregate(Array)
#2 {main}
  thrown in /home/ubuntu/workspace/vendor/mongodb/mongodb/src/Collection.php on line 185
[29-Sep-2017 06:34:37 UTC] PHP Warning:  date_format() expects parameter 1 to be DateTimeInterface, boolean given in /home/ubuntu/workspace/webservices/datosMarker_busqueda.php on line 21
[29-Sep-2017 06:34:37 UTC] PHP Stack trace:
[29-Sep-2017 06:34:37 UTC] PHP   1. {main}() /home/ubuntu/workspace/webservices/datosMarker_busqueda.php:0
[29-Sep-2017 06:34:37 UTC] PHP   2. date_format() /home/ubuntu/workspace/webservices/datosMarker_busqueda.php:21
[29-Sep-2017 06:35:00 UTC] PHP Warning:  date_format() expects parameter 1 to be DateTimeInterface, object given in /home/ubuntu/workspace/webservices/datosMarker_busqueda.php on line 21
[29-Sep-2017 06:35:00 UTC] PHP Stack trace:
[29-Sep-2017 06:35:00 UTC] PHP   1. {main}() /home/ubuntu/workspace/webservices/datosMarker_busqueda.php:0
[29-Sep-2017 06:35:00 UTC] PHP   2. date_format() /home/ubuntu/workspace/webservices/datosMarker_busqueda.php:21
[29-Sep-2017 06:41:25 UTC] PHP Warning:  MongoDB\BSON\UTCDateTime::toDateTime() expects exactly 0 parameters, 1 given in /home/ubuntu/workspace/webservices/datosMarker_busqueda.php on line 20
[29-Sep-2017 06:41:25 UTC] PHP Stack trace:
[29-Sep-2017 06:41:25 UTC] PHP   1. {main}() /home/ubuntu/workspace/webservices/datosMarker_busqueda.php:0
[29-Sep-2017 06:41:25 UTC] PHP   2. MongoDB\BSON\UTCDateTime->toDateTime() /home/ubuntu/workspace/webservices/datosMarker_busqueda.php:20
[29-Sep-2017 06:41:25 UTC] PHP Fatal error:  Call to a member function format() on a non-object in /home/ubuntu/workspace/webservices/datosMarker_busqueda.php on line 20
[29-Sep-2017 06:41:25 UTC] PHP Stack trace:
[29-Sep-2017 06:41:25 UTC] PHP   1. {main}() /home/ubuntu/workspace/webservices/datosMarker_busqueda.php:0
[29-Sep-2017 06:41:27 UTC] PHP Warning:  MongoDB\BSON\UTCDateTime::toDateTime() expects exactly 0 parameters, 1 given in /home/ubuntu/workspace/webservices/datosMarker_busqueda.php on line 20
[29-Sep-2017 06:41:27 UTC] PHP Stack trace:
[29-Sep-2017 06:41:27 UTC] PHP   1. {main}() /home/ubuntu/workspace/webservices/datosMarker_busqueda.php:0
[29-Sep-2017 06:41:27 UTC] PHP   2. MongoDB\BSON\UTCDateTime->toDateTime() /home/ubuntu/workspace/webservices/datosMarker_busqueda.php:20
[29-Sep-2017 06:41:27 UTC] PHP Fatal error:  Call to a member function format() on a non-object in /home/ubuntu/workspace/webservices/datosMarker_busqueda.php on line 20
[29-Sep-2017 06:41:27 UTC] PHP Stack trace:
[29-Sep-2017 06:41:27 UTC] PHP   1. {main}() /home/ubuntu/workspace/webservices/datosMarker_busqueda.php:0
[29-Sep-2017 06:41:34 UTC] PHP Warning:  MongoDB\BSON\UTCDateTime::toDateTime() expects exactly 0 parameters, 1 given in /home/ubuntu/workspace/webservices/datosMarker_busqueda.php on line 20
[29-Sep-2017 06:41:34 UTC] PHP Stack trace:
[29-Sep-2017 06:41:34 UTC] PHP   1. {main}() /home/ubuntu/workspace/webservices/datosMarker_busqueda.php:0
[29-Sep-2017 06:41:34 UTC] PHP   2. MongoDB\BSON\UTCDateTime->toDateTime() /home/ubuntu/workspace/webservices/datosMarker_busqueda.php:20
[29-Sep-2017 06:41:34 UTC] PHP Fatal error:  Call to a member function format() on a non-object in /home/ubuntu/workspace/webservices/datosMarker_busqueda.php on line 20
[29-Sep-2017 06:41:34 UTC] PHP Stack trace:
[29-Sep-2017 06:41:34 UTC] PHP   1. {main}() /home/ubuntu/workspace/webservices/datosMarker_busqueda.php:0
[10-Nov-2017 03:39:36 UTC] PHP Fatal error:  Uncaught exception 'MongoDB\Driver\Exception\ConnectionTimeoutException' with message 'No suitable servers found (`serverSelectionTryOnce` set): [connection refused calling ismaster on 'localhost:27017']' in /home/ubuntu/workspace/vendor/mongodb/mongodb/src/Collection.php:341
Stack trace:
#0 /home/ubuntu/workspace/vendor/mongodb/mongodb/src/Collection.php(341): MongoDB\Driver\Manager->selectServer(Object(MongoDB\Driver\ReadPreference))
#1 /home/ubuntu/workspace/php/completadoFiltro_busqueda.php(10): MongoDB\Collection->distinct('POI.nombre_inst...')
#2 {main}
  thrown in /home/ubuntu/workspace/vendor/mongodb/mongodb/src/Collection.php on line 341
[10-Nov-2017 03:39:37 UTC] PHP Fatal error:  Uncaught exception 'MongoDB\Driver\Exception\ConnectionTimeoutException' with message 'No suitable servers found (`serverSelectionTryOnce` set): [connection refused calling ismaster on 'localhost:27017']' in /home/ubuntu/workspace/vendor/mongodb/mongodb/src/Collection.php:185
Stack trace:
#0 /home/ubuntu/workspace/vendor/mongodb/mongodb/src/Collection.php(185): MongoDB\Driver\Manager->selectServer(Object(MongoDB\Driver\ReadPreference))
#1 /home/ubuntu/workspace/webservices/getMarkers_busqueda.php(12): MongoDB\Collection->aggregate(Array)
#2 {main}
  thrown in /home/ubuntu/workspace/vendor/mongodb/mongodb/src/Collection.php on line 185
[10-Nov-2017 03:40:24 UTC] PHP Warning:  require(views/inc/header.php): failed to open stream: No such file or directory in /home/ubuntu/workspace/views/prueba.php on line 2
[10-Nov-2017 03:40:24 UTC] PHP Stack trace:
[10-Nov-2017 03:40:24 UTC] PHP   1. {main}() /home/ubuntu/workspace/views/prueba.php:0
[10-Nov-2017 03:40:24 UTC] PHP Fatal error:  require(): Failed opening required 'views/inc/header.php' (include_path='.:/usr/share/php:/usr/share/pear') in /home/ubuntu/workspace/views/prueba.php on line 2
[10-Nov-2017 03:40:24 UTC] PHP Stack trace:
[10-Nov-2017 03:40:24 UTC] PHP   1. {main}() /home/ubuntu/workspace/views/prueba.php:0
[10-Nov-2017 05:07:44 UTC] PHP Warning:  require(views/menu_view.php): failed to open stream: No such file or directory in /home/ubuntu/workspace/views/busqueda_view1.php on line 28
[10-Nov-2017 05:07:44 UTC] PHP Stack trace:
[10-Nov-2017 05:07:44 UTC] PHP   1. {main}() /home/ubuntu/workspace/views/busqueda_view1.php:0
[10-Nov-2017 05:07:44 UTC] PHP Fatal error:  require(): Failed opening required 'views/menu_view.php' (include_path='.:/usr/share/php:/usr/share/pear') in /home/ubuntu/workspace/views/busqueda_view1.php on line 28
[10-Nov-2017 05:07:44 UTC] PHP Stack trace:
[10-Nov-2017 05:07:44 UTC] PHP   1. {main}() /home/ubuntu/workspace/views/busqueda_view1.php:0
[10-Nov-2017 05:07:51 UTC] PHP Warning:  require(views/menu_view.php): failed to open stream: No such file or directory in /home/ubuntu/workspace/views/busqueda_view1.php on line 28
[10-Nov-2017 05:07:51 UTC] PHP Stack trace:
[10-Nov-2017 05:07:51 UTC] PHP   1. {main}() /home/ubuntu/workspace/views/busqueda_view1.php:0
[10-Nov-2017 05:07:51 UTC] PHP Fatal error:  require(): Failed opening required 'views/menu_view.php' (include_path='.:/usr/share/php:/usr/share/pear') in /home/ubuntu/workspace/views/busqueda_view1.php on line 28
[10-Nov-2017 05:07:51 UTC] PHP Stack trace:
[10-Nov-2017 05:07:51 UTC] PHP   1. {main}() /home/ubuntu/workspace/views/busqueda_view1.php:0
[17-Nov-2017 02:26:00 UTC] PHP Fatal error:  Uncaught exception 'MongoDB\Driver\Exception\ConnectionTimeoutException' with message 'No suitable servers found (`serverSelectionTryOnce` set): [connection closed calling ismaster on 'localhost:27017']' in /home/ubuntu/workspace/vendor/mongodb/mongodb/src/Collection.php:341
Stack trace:
#0 /home/ubuntu/workspace/vendor/mongodb/mongodb/src/Collection.php(341): MongoDB\Driver\Manager->selectServer(Object(MongoDB\Driver\ReadPreference))
#1 /home/ubuntu/workspace/php/completadoFiltro_busqueda.php(10): MongoDB\Collection->distinct('POI.nombre_inst...')
#2 {main}
  thrown in /home/ubuntu/workspace/vendor/mongodb/mongodb/src/Collection.php on line 341
[17-Nov-2017 02:26:00 UTC] PHP Fatal error:  Uncaught exception 'MongoDB\Driver\Exception\ConnectionTimeoutException' with message 'No suitable servers found (`serverSelectionTryOnce` set): [connection closed calling ismaster on 'localhost:27017']' in /home/ubuntu/workspace/vendor/mongodb/mongodb/src/Collection.php:185
Stack trace:
#0 /home/ubuntu/workspace/vendor/mongodb/mongodb/src/Collection.php(185): MongoDB\Driver\Manager->selectServer(Object(MongoDB\Driver\ReadPreference))
#1 /home/ubuntu/workspace/webservices/getMarkers_busqueda.php(12): MongoDB\Collection->aggregate(Array)
#2 {main}
  thrown in /home/ubuntu/workspace/vendor/mongodb/mongodb/src/Collection.php on line 185
[17-Nov-2017 02:26:17 UTC] PHP Fatal error:  Uncaught exception 'MongoDB\Driver\Exception\ConnectionTimeoutException' with message 'No suitable servers found (`serverSelectionTryOnce` set): [connection closed calling ismaster on 'localhost:27017']' in /home/ubuntu/workspace/vendor/mongodb/mongodb/src/Collection.php:341
Stack trace:
#0 /home/ubuntu/workspace/vendor/mongodb/mongodb/src/Collection.php(341): MongoDB\Driver\Manager->selectServer(Object(MongoDB\Driver\ReadPreference))
#1 /home/ubuntu/workspace/php/completadoFiltro_busqueda.php(10): MongoDB\Collection->distinct('POI.nombre_inst...')
#2 {main}
  thrown in /home/ubuntu/workspace/vendor/mongodb/mongodb/src/Collection.php on line 341
[17-Nov-2017 02:26:17 UTC] PHP Fatal error:  Uncaught exception 'MongoDB\Driver\Exception\ConnectionTimeoutException' with message 'No suitable servers found (`serverSelectionTryOnce` set): [connection closed calling ismaster on 'localhost:27017']' in /home/ubuntu/workspace/vendor/mongodb/mongodb/src/Collection.php:185
Stack trace:
#0 /home/ubuntu/workspace/vendor/mongodb/mongodb/src/Collection.php(185): MongoDB\Driver\Manager->selectServer(Object(MongoDB\Driver\ReadPreference))
#1 /home/ubuntu/workspace/webservices/getMarkers_busqueda.php(12): MongoDB\Collection->aggregate(Array)
#2 {main}
  thrown in /home/ubuntu/workspace/vendor/mongodb/mongodb/src/Collection.php on line 185
[17-Nov-2017 02:26:20 UTC] PHP Fatal error:  Uncaught exception 'MongoDB\Driver\Exception\ConnectionTimeoutException' with message 'No suitable servers found (`serverSelectionTryOnce` set): [connection closed calling ismaster on 'localhost:27017']' in /home/ubuntu/workspace/vendor/mongodb/mongodb/src/Collection.php:341
Stack trace:
#0 /home/ubuntu/workspace/vendor/mongodb/mongodb/src/Collection.php(341): MongoDB\Driver\Manager->selectServer(Object(MongoDB\Driver\ReadPreference))
#1 /home/ubuntu/workspace/php/completadoFiltro_busqueda.php(10): MongoDB\Collection->distinct('POI.nombre_inst...')
#2 {main}
  thrown in /home/ubuntu/workspace/vendor/mongodb/mongodb/src/Collection.php on line 341
[17-Nov-2017 02:26:20 UTC] PHP Fatal error:  Uncaught exception 'MongoDB\Driver\Exception\ConnectionTimeoutException' with message 'No suitable servers found (`serverSelectionTryOnce` set): [connection closed calling ismaster on 'localhost:27017']' in /home/ubuntu/workspace/vendor/mongodb/mongodb/src/Collection.php:185
Stack trace:
#0 /home/ubuntu/workspace/vendor/mongodb/mongodb/src/Collection.php(185): MongoDB\Driver\Manager->selectServer(Object(MongoDB\Driver\ReadPreference))
#1 /home/ubuntu/workspace/webservices/getMarkers_busqueda.php(12): MongoDB\Collection->aggregate(Array)
#2 {main}
  thrown in /home/ubuntu/workspace/vendor/mongodb/mongodb/src/Collection.php on line 185
[26-Jan-2018 05:31:03 UTC] PHP Warning:  require(Views/busqueda_view.php): failed to open stream: No such file or directory in /home/ubuntu/workspace/Controllers/busqueda.php on line 3
[26-Jan-2018 05:31:03 UTC] PHP Stack trace:
[26-Jan-2018 05:31:03 UTC] PHP   1. {main}() /home/ubuntu/workspace/Controllers/busqueda.php:0
[26-Jan-2018 05:31:03 UTC] PHP Fatal error:  require(): Failed opening required 'Views/busqueda_view.php' (include_path='.:/usr/share/php:/usr/share/pear') in /home/ubuntu/workspace/Controllers/busqueda.php on line 3
[26-Jan-2018 05:31:03 UTC] PHP Stack trace:
[26-Jan-2018 05:31:03 UTC] PHP   1. {main}() /home/ubuntu/workspace/Controllers/busqueda.php:0
[26-Jan-2018 05:32:34 UTC] PHP Warning:  require(Views/inc/header.php): failed to open stream: No such file or directory in /home/ubuntu/workspace/Views/busqueda_view.php on line 6
[26-Jan-2018 05:32:34 UTC] PHP Stack trace:
[26-Jan-2018 05:32:34 UTC] PHP   1. {main}() /home/ubuntu/workspace/Controllers/busqueda.php:0
[26-Jan-2018 05:32:34 UTC] PHP   2. require() /home/ubuntu/workspace/Controllers/busqueda.php:3
[26-Jan-2018 05:32:34 UTC] PHP Fatal error:  require(): Failed opening required 'Views/inc/header.php' (include_path='.:/usr/share/php:/usr/share/pear') in /home/ubuntu/workspace/Views/busqueda_view.php on line 6
[26-Jan-2018 05:32:34 UTC] PHP Stack trace:
[26-Jan-2018 05:32:34 UTC] PHP   1. {main}() /home/ubuntu/workspace/Controllers/busqueda.php:0
[26-Jan-2018 05:32:34 UTC] PHP   2. require() /home/ubuntu/workspace/Controllers/busqueda.php:3
[26-Jan-2018 05:33:25 UTC] PHP Warning:  require(Views/inc/login_cover.php): failed to open stream: No such file or directory in /home/ubuntu/workspace/Views/busqueda_view.php on line 14
[26-Jan-2018 05:33:25 UTC] PHP Stack trace:
[26-Jan-2018 05:33:25 UTC] PHP   1. {main}() /home/ubuntu/workspace/Controllers/busqueda.php:0
[26-Jan-2018 05:33:25 UTC] PHP   2. require() /home/ubuntu/workspace/Controllers/busqueda.php:3
[26-Jan-2018 05:33:25 UTC] PHP Fatal error:  require(): Failed opening required 'Views/inc/login_cover.php' (include_path='.:/usr/share/php:/usr/share/pear') in /home/ubuntu/workspace/Views/busqueda_view.php on line 14
[26-Jan-2018 05:33:25 UTC] PHP Stack trace:
[26-Jan-2018 05:33:25 UTC] PHP   1. {main}() /home/ubuntu/workspace/Controllers/busqueda.php:0
[26-Jan-2018 05:33:25 UTC] PHP   2. require() /home/ubuntu/workspace/Controllers/busqueda.php:3
[26-Jan-2018 17:17:05 UTC] PHP Warning:  require(Views/inc/header.php): failed to open stream: No such file or directory in /home/ubuntu/workspace/Views/busqueda_view.php on line 6
[26-Jan-2018 17:17:05 UTC] PHP Stack trace:
[26-Jan-2018 17:17:05 UTC] PHP   1. {main}() /home/ubuntu/workspace/Controllers/busqueda.php:0
[26-Jan-2018 17:17:05 UTC] PHP   2. require() /home/ubuntu/workspace/Controllers/busqueda.php:3
[26-Jan-2018 17:17:05 UTC] PHP Fatal error:  require(): Failed opening required 'Views/inc/header.php' (include_path='.:/usr/share/php:/usr/share/pear') in /home/ubuntu/workspace/Views/busqueda_view.php on line 6
[26-Jan-2018 17:17:05 UTC] PHP Stack trace:
[26-Jan-2018 17:17:05 UTC] PHP   1. {main}() /home/ubuntu/workspace/Controllers/busqueda.php:0
[26-Jan-2018 17:17:05 UTC] PHP   2. require() /home/ubuntu/workspace/Controllers/busqueda.php:3
[07-Feb-2018 03:41:08 UTC] PHP Fatal error:  Uncaught exception 'MongoDB\Driver\Exception\InvalidArgumentException' with message 'Error parsing "NaN" as 64-bit integer for MongoDB\BSON\UTCDateTime initialization' in /home/ubuntu/workspace/webservices/mongui.php:42
Stack trace:
#0 /home/ubuntu/workspace/webservices/mongui.php(42): MongoDB\BSON\UTCDateTime->__construct('NaN')
#1 /home/ubuntu/workspace/webservices/buscarPorFechas.php(13): Mongui::getPorRangoFechas('NaN', 'NaN', '% O2')
#2 {main}
  thrown in /home/ubuntu/workspace/webservices/mongui.php on line 42
[07-Feb-2018 14:28:14 UTC] PHP Fatal error:  Uncaught exception 'MongoDB\Driver\Exception\InvalidArgumentException' with message 'Error parsing "NaN" as 64-bit integer for MongoDB\BSON\UTCDateTime initialization' in /home/ubuntu/workspace/webservices/mongui.php:42
Stack trace:
#0 /home/ubuntu/workspace/webservices/mongui.php(42): MongoDB\BSON\UTCDateTime->__construct('NaN')
#1 /home/ubuntu/workspace/webservices/buscarPorFechas.php(13): Mongui::getPorRangoFechas('NaN', 'NaN', '% O2')
#2 {main}
  thrown in /home/ubuntu/workspace/webservices/mongui.php on line 42
[07-Feb-2018 14:29:39 UTC] PHP Fatal error:  Uncaught exception 'MongoDB\Driver\Exception\InvalidArgumentException' with message 'Error parsing "NaN" as 64-bit integer for MongoDB\BSON\UTCDateTime initialization' in /home/ubuntu/workspace/webservices/mongui.php:42
Stack trace:
#0 /home/ubuntu/workspace/webservices/mongui.php(42): MongoDB\BSON\UTCDateTime->__construct('NaN')
#1 /home/ubuntu/workspace/webservices/buscarPorFechas.php(13): Mongui::getPorRangoFechas('NaN', 'NaN', '% O2')
#2 {main}
  thrown in /home/ubuntu/workspace/webservices/mongui.php on line 42
[07-Feb-2018 14:30:13 UTC] PHP Fatal error:  Uncaught exception 'MongoDB\Driver\Exception\InvalidArgumentException' with message 'Error parsing "NaN" as 64-bit integer for MongoDB\BSON\UTCDateTime initialization' in /home/ubuntu/workspace/webservices/mongui.php:42
Stack trace:
#0 /home/ubuntu/workspace/webservices/mongui.php(42): MongoDB\BSON\UTCDateTime->__construct('NaN')
#1 /home/ubuntu/workspace/webservices/buscarPorFechas.php(13): Mongui::getPorRangoFechas('NaN', 'NaN', '% O2')
#2 {main}
  thrown in /home/ubuntu/workspace/webservices/mongui.php on line 42
[07-Feb-2018 14:31:09 UTC] PHP Fatal error:  Uncaught exception 'MongoDB\Driver\Exception\InvalidArgumentException' with message 'Error parsing "NaN" as 64-bit integer for MongoDB\BSON\UTCDateTime initialization' in /home/ubuntu/workspace/webservices/mongui.php:42
Stack trace:
#0 /home/ubuntu/workspace/webservices/mongui.php(42): MongoDB\BSON\UTCDateTime->__construct('NaN')
#1 /home/ubuntu/workspace/webservices/buscarPorFechas.php(13): Mongui::getPorRangoFechas('NaN', 'NaN', '% O2')
#2 {main}
  thrown in /home/ubuntu/workspace/webservices/mongui.php on line 42
[07-Feb-2018 14:36:52 UTC] PHP Fatal error:  Uncaught exception 'MongoDB\Driver\Exception\InvalidArgumentException' with message 'Error parsing "NaN" as 64-bit integer for MongoDB\BSON\UTCDateTime initialization' in /home/ubuntu/workspace/webservices/mongui.php:42
Stack trace:
#0 /home/ubuntu/workspace/webservices/mongui.php(42): MongoDB\BSON\UTCDateTime->__construct('NaN')
#1 /home/ubuntu/workspace/webservices/buscarPorFechas.php(13): Mongui::getPorRangoFechas('NaN', 'NaN', '% O2')
#2 {main}
  thrown in /home/ubuntu/workspace/webservices/mongui.php on line 42
[07-Feb-2018 14:36:57 UTC] PHP Fatal error:  Uncaught exception 'MongoDB\Driver\Exception\InvalidArgumentException' with message 'Error parsing "NaN" as 64-bit integer for MongoDB\BSON\UTCDateTime initialization' in /home/ubuntu/workspace/webservices/mongui.php:42
Stack trace:
#0 /home/ubuntu/workspace/webservices/mongui.php(42): MongoDB\BSON\UTCDateTime->__construct('NaN')
#1 /home/ubuntu/workspace/webservices/buscarPorFechas.php(13): Mongui::getPorRangoFechas('NaN', 'NaN', '% O2')
#2 {main}
  thrown in /home/ubuntu/workspace/webservices/mongui.php on line 42
[07-Feb-2018 14:37:00 UTC] PHP Fatal error:  Uncaught exception 'MongoDB\Driver\Exception\InvalidArgumentException' with message 'Error parsing "NaN" as 64-bit integer for MongoDB\BSON\UTCDateTime initialization' in /home/ubuntu/workspace/webservices/mongui.php:42
Stack trace:
#0 /home/ubuntu/workspace/webservices/mongui.php(42): MongoDB\BSON\UTCDateTime->__construct('NaN')
#1 /home/ubuntu/workspace/webservices/buscarPorFechas.php(13): Mongui::getPorRangoFechas('NaN', 'NaN', '% O2')
#2 {main}
  thrown in /home/ubuntu/workspace/webservices/mongui.php on line 42
[08-Feb-2018 00:09:12 UTC] PHP Fatal error:  Uncaught exception 'MongoDB\Driver\Exception\InvalidArgumentException' with message 'Error parsing "NaN" as 64-bit integer for MongoDB\BSON\UTCDateTime initialization' in /home/ubuntu/workspace/webservices/mongui.php:42
Stack trace:
#0 /home/ubuntu/workspace/webservices/mongui.php(42): MongoDB\BSON\UTCDateTime->__construct('NaN')
#1 /home/ubuntu/workspace/webservices/buscarPorFechas.php(13): Mongui::getPorRangoFechas('NaN', 'NaN', '% O2')
#2 {main}
  thrown in /home/ubuntu/workspace/webservices/mongui.php on line 42
[08-Feb-2018 17:47:15 UTC] PHP Fatal error:  Uncaught exception 'MongoDB\Driver\Exception\InvalidArgumentException' with message 'Error parsing "NaN" as 64-bit integer for MongoDB\BSON\UTCDateTime initialization' in /home/ubuntu/workspace/webservices/mongui.php:42
Stack trace:
#0 /home/ubuntu/workspace/webservices/mongui.php(42): MongoDB\BSON\UTCDateTime->__construct('NaN')
#1 /home/ubuntu/workspace/webservices/buscarPorFechas.php(13): Mongui::getPorRangoFechas('NaN', 'NaN', '% O2')
#2 {main}
  thrown in /home/ubuntu/workspace/webservices/mongui.php on line 42
[08-Feb-2018 17:47:42 UTC] PHP Fatal error:  Uncaught exception 'MongoDB\Driver\Exception\InvalidArgumentException' with message 'Error parsing "NaN" as 64-bit integer for MongoDB\BSON\UTCDateTime initialization' in /home/ubuntu/workspace/webservices/mongui.php:42
Stack trace:
#0 /home/ubuntu/workspace/webservices/mongui.php(42): MongoDB\BSON\UTCDateTime->__construct('NaN')
#1 /home/ubuntu/workspace/webservices/buscarPorFechas.php(13): Mongui::getPorRangoFechas('NaN', 'NaN', '% O2')
#2 {main}
  thrown in /home/ubuntu/workspace/webservices/mongui.php on line 42
[16-Feb-2018 05:12:33 UTC] PHP Fatal error:  Uncaught exception 'MongoDB\Driver\Exception\InvalidArgumentException' with message 'Error parsing "NaN" as 64-bit integer for MongoDB\BSON\UTCDateTime initialization' in /home/ubuntu/workspace/webservices/mongui.php:42
Stack trace:
#0 /home/ubuntu/workspace/webservices/mongui.php(42): MongoDB\BSON\UTCDateTime->__construct('NaN')
#1 /home/ubuntu/workspace/webservices/buscarPorFechas.php(13): Mongui::getPorRangoFechas('NaN', 'NaN', '% O2')
#2 {main}
  thrown in /home/ubuntu/workspace/webservices/mongui.php on line 42
[16-Feb-2018 05:15:14 UTC] PHP Fatal error:  Uncaught exception 'MongoDB\Driver\Exception\InvalidArgumentException' with message 'Error parsing "NaN" as 64-bit integer for MongoDB\BSON\UTCDateTime initialization' in /home/ubuntu/workspace/webservices/mongui.php:42
Stack trace:
#0 /home/ubuntu/workspace/webservices/mongui.php(42): MongoDB\BSON\UTCDateTime->__construct('NaN')
#1 /home/ubuntu/workspace/webservices/buscarPorFechas.php(13): Mongui::getPorRangoFechas('NaN', 'NaN', '% O2')
#2 {main}
  thrown in /home/ubuntu/workspace/webservices/mongui.php on line 42
[16-Feb-2018 05:16:38 UTC] PHP Fatal error:  Uncaught exception 'MongoDB\Driver\Exception\InvalidArgumentException' with message 'Error parsing "NaN" as 64-bit integer for MongoDB\BSON\UTCDateTime initialization' in /home/ubuntu/workspace/webservices/mongui.php:42
Stack trace:
#0 /home/ubuntu/workspace/webservices/mongui.php(42): MongoDB\BSON\UTCDateTime->__construct('NaN')
#1 /home/ubuntu/workspace/webservices/buscarPorFechas.php(13): Mongui::getPorRangoFechas('NaN', 'NaN', '% O2')
#2 {main}
  thrown in /home/ubuntu/workspace/webservices/mongui.php on line 42
[16-Feb-2018 05:16:40 UTC] PHP Fatal error:  Call to undefined method MongoDB\Client::executeBulkWrite() in /home/ubuntu/workspace/webservices/mongui.php on line 98
[16-Feb-2018 05:16:40 UTC] PHP Stack trace:
[16-Feb-2018 05:16:40 UTC] PHP   1. {main}() /home/ubuntu/workspace/webservices/insertarGrafico.php:0
[16-Feb-2018 05:16:40 UTC] PHP   2. Mongui::insertarDocumentoGrafico() /home/ubuntu/workspace/webservices/insertarGrafico.php:28
[16-Feb-2018 05:17:01 UTC] PHP Fatal error:  Call to undefined method MongoDB\Client::executeBulkWrite() in /home/ubuntu/workspace/webservices/mongui.php on line 98
[16-Feb-2018 05:17:01 UTC] PHP Stack trace:
[16-Feb-2018 05:17:01 UTC] PHP   1. {main}() /home/ubuntu/workspace/webservices/insertarGrafico.php:0
[16-Feb-2018 05:17:01 UTC] PHP   2. Mongui::insertarDocumentoGrafico() /home/ubuntu/workspace/webservices/insertarGrafico.php:28
[16-Feb-2018 05:17:35 UTC] PHP Fatal error:  Uncaught exception 'MongoDB\Driver\Exception\InvalidArgumentException' with message 'Error parsing "NaN" as 64-bit integer for MongoDB\BSON\UTCDateTime initialization' in /home/ubuntu/workspace/webservices/mongui.php:42
Stack trace:
#0 /home/ubuntu/workspace/webservices/mongui.php(42): MongoDB\BSON\UTCDateTime->__construct('NaN')
#1 /home/ubuntu/workspace/webservices/buscarPorFechas.php(13): Mongui::getPorRangoFechas('NaN', 'NaN', '% O2')
#2 {main}
  thrown in /home/ubuntu/workspace/webservices/mongui.php on line 42
[16-Feb-2018 05:17:42 UTC] PHP Fatal error:  Call to undefined method MongoDB\Client::executeBulkWrite() in /home/ubuntu/workspace/webservices/mongui.php on line 98
[16-Feb-2018 05:17:42 UTC] PHP Stack trace:
[16-Feb-2018 05:17:42 UTC] PHP   1. {main}() /home/ubuntu/workspace/webservices/insertarGrafico.php:0
[16-Feb-2018 05:17:42 UTC] PHP   2. Mongui::insertarDocumentoGrafico() /home/ubuntu/workspace/webservices/insertarGrafico.php:28
[16-Feb-2018 05:21:46 UTC] PHP Fatal error:  Uncaught exception 'MongoDB\Driver\Exception\InvalidArgumentException' with message 'Error parsing "NaN" as 64-bit integer for MongoDB\BSON\UTCDateTime initialization' in /home/ubuntu/workspace/webservices/mongui.php:42
Stack trace:
#0 /home/ubuntu/workspace/webservices/mongui.php(42): MongoDB\BSON\UTCDateTime->__construct('NaN')
#1 /home/ubuntu/workspace/webservices/buscarPorFechas.php(13): Mongui::getPorRangoFechas('NaN', 'NaN', '% O2')
#2 {main}
  thrown in /home/ubuntu/workspace/webservices/mongui.php on line 42
[16-Feb-2018 05:21:49 UTC] PHP Fatal error:  Call to undefined method MongoDB\Client::executeBulkWrite() in /home/ubuntu/workspace/webservices/mongui.php on line 98
[16-Feb-2018 05:21:49 UTC] PHP Stack trace:
[16-Feb-2018 05:21:49 UTC] PHP   1. {main}() /home/ubuntu/workspace/webservices/insertarGrafico.php:0
[16-Feb-2018 05:21:49 UTC] PHP   2. Mongui::insertarDocumentoGrafico() /home/ubuntu/workspace/webservices/insertarGrafico.php:29
[16-Feb-2018 05:22:00 UTC] PHP Fatal error:  Call to undefined method MongoDB\Client::executeBulkWrite() in /home/ubuntu/workspace/webservices/mongui.php on line 98
[16-Feb-2018 05:22:00 UTC] PHP Stack trace:
[16-Feb-2018 05:22:00 UTC] PHP   1. {main}() /home/ubuntu/workspace/webservices/insertarGrafico.php:0
[16-Feb-2018 05:22:00 UTC] PHP   2. Mongui::insertarDocumentoGrafico() /home/ubuntu/workspace/webservices/insertarGrafico.php:29
[16-Feb-2018 05:22:00 UTC] PHP Fatal error:  Call to undefined method MongoDB\Client::executeBulkWrite() in /home/ubuntu/workspace/webservices/mongui.php on line 98
[16-Feb-2018 05:22:00 UTC] PHP Stack trace:
[16-Feb-2018 05:22:00 UTC] PHP   1. {main}() /home/ubuntu/workspace/webservices/insertarGrafico.php:0
[16-Feb-2018 05:22:00 UTC] PHP   2. Mongui::insertarDocumentoGrafico() /home/ubuntu/workspace/webservices/insertarGrafico.php:29
[16-Feb-2018 05:22:01 UTC] PHP Fatal error:  Call to undefined method MongoDB\Client::executeBulkWrite() in /home/ubuntu/workspace/webservices/mongui.php on line 98
[16-Feb-2018 05:22:01 UTC] PHP Stack trace:
[16-Feb-2018 05:22:01 UTC] PHP   1. {main}() /home/ubuntu/workspace/webservices/insertarGrafico.php:0
[16-Feb-2018 05:22:01 UTC] PHP   2. Mongui::insertarDocumentoGrafico() /home/ubuntu/workspace/webservices/insertarGrafico.php:29
[16-Feb-2018 05:22:01 UTC] PHP Fatal error:  Call to undefined method MongoDB\Client::executeBulkWrite() in /home/ubuntu/workspace/webservices/mongui.php on line 98
[16-Feb-2018 05:22:01 UTC] PHP Stack trace:
[16-Feb-2018 05:22:01 UTC] PHP   1. {main}() /home/ubuntu/workspace/webservices/insertarGrafico.php:0
[16-Feb-2018 05:22:01 UTC] PHP   2. Mongui::insertarDocumentoGrafico() /home/ubuntu/workspace/webservices/insertarGrafico.php:29
[05-Mar-2018 02:00:45 UTC] PHP Fatal error:  Uncaught exception 'MongoDB\Driver\Exception\RuntimeException' with message 'exception: the group aggregate field 'river_name' must be defined as an expression inside an object' in /home/ubuntu/workspace/vendor/mongodb/mongodb/src/Operation/Aggregate.php:223
Stack trace:
#0 /home/ubuntu/workspace/vendor/mongodb/mongodb/src/Operation/Aggregate.php(223): MongoDB\Driver\Server->executeCommand('MonitoreoAgua', Object(MongoDB\Driver\Command), Object(MongoDB\Driver\ReadPreference))
#1 /home/ubuntu/workspace/vendor/mongodb/mongodb/src/Collection.php(215): MongoDB\Operation\Aggregate->execute(Object(MongoDB\Driver\Server))
#2 /home/ubuntu/workspace/webservices/getMarkers_busqueda.php(14): MongoDB\Collection->aggregate(Array)
#3 {main}
  thrown in /home/ubuntu/workspace/vendor/mongodb/mongodb/src/Operation/Aggregate.php on line 223
[05-Mar-2018 02:01:12 UTC] PHP Fatal error:  Uncaught exception 'MongoDB\Driver\Exception\RuntimeException' with message 'exception: the group aggregate field 'river_name' must be defined as an expression inside an object' in /home/ubuntu/workspace/vendor/mongodb/mongodb/src/Operation/Aggregate.php:223
Stack trace:
#0 /home/ubuntu/workspace/vendor/mongodb/mongodb/src/Operation/Aggregate.php(223): MongoDB\Driver\Server->executeCommand('MonitoreoAgua', Object(MongoDB\Driver\Command), Object(MongoDB\Driver\ReadPreference))
#1 /home/ubuntu/workspace/vendor/mongodb/mongodb/src/Collection.php(215): MongoDB\Operation\Aggregate->execute(Object(MongoDB\Driver\Server))
#2 /home/ubuntu/workspace/webservices/getMarkers_busqueda.php(14): MongoDB\Collection->aggregate(Array)
#3 {main}
  thrown in /home/ubuntu/workspace/vendor/mongodb/mongodb/src/Operation/Aggregate.php on line 223
[05-Mar-2018 02:01:17 UTC] PHP Fatal error:  Uncaught exception 'MongoDB\Driver\Exception\RuntimeException' with message 'exception: the group aggregate field 'river_name' must be defined as an expression inside an object' in /home/ubuntu/workspace/vendor/mongodb/mongodb/src/Operation/Aggregate.php:223
Stack trace:
#0 /home/ubuntu/workspace/vendor/mongodb/mongodb/src/Operation/Aggregate.php(223): MongoDB\Driver\Server->executeCommand('MonitoreoAgua', Object(MongoDB\Driver\Command), Object(MongoDB\Driver\ReadPreference))
#1 /home/ubuntu/workspace/vendor/mongodb/mongodb/src/Collection.php(215): MongoDB\Operation\Aggregate->execute(Object(MongoDB\Driver\Server))
#2 /home/ubuntu/workspace/webservices/getMarkers_busqueda.php(14): MongoDB\Collection->aggregate(Array)
#3 {main}
  thrown in /home/ubuntu/workspace/vendor/mongodb/mongodb/src/Operation/Aggregate.php on line 223
[05-Mar-2018 02:01:39 UTC] PHP Parse error:  syntax error, unexpected ''$POI.nombre_rio'' (T_CONSTANT_ENCAPSED_STRING), expecting ']' in /home/ubuntu/workspace/webservices/getMarkers_busqueda.php on line 13
